<?xml version="1.0" encoding="UTF-8"?>
<!-- Generated by org.testng.reporters.JUnitXMLReporter -->
<testsuite hostname="FARUK-AKYOL" ignored="0" name="Test" tests="3" failures="1" timestamp="14 Apr 2018 23:55:18 GMT" time="23.984" errors="0">
  <testcase name="FailLogin" time="8.262" classname="ciceksepeti.LolaFlora.HomePageLogin"/>
  <testcase name="SuccessLogin" time="8.695" classname="ciceksepeti.LolaFlora.HomePageLogin"/>
  <testcase name="fail" time="0.001" classname="ciceksepeti.LolaFlora.HomePageLogin">
    <failure type="junit.framework.AssertionFailedError">
      <![CDATA[junit.framework.AssertionFailedError
at junit.framework.Assert.fail(Assert.java:47)
at junit.framework.Assert.assertTrue(Assert.java:20)
at junit.framework.Assert.assertTrue(Assert.java:27)
at ciceksepeti.LolaFlora.HomePageLogin.fail(HomePageLogin.java:109)
... Removed 25 stack frames]]>
    </failure>
  </testcase> <!-- fail -->
</testsuite> <!-- Test -->
