<?xml version="1.0" encoding="UTF-8"?>
<testng-results skipped="0" failed="1" ignored="0" total="3" passed="2">
  <reporter-output>
  </reporter-output>
  <suite name="Suite" duration-ms="23984" started-at="2018-04-14T23:54:54Z" finished-at="2018-04-14T23:55:18Z">
    <groups>
    </groups>
    <test name="Test" duration-ms="23984" started-at="2018-04-14T23:54:54Z" finished-at="2018-04-14T23:55:18Z">
      <class name="ciceksepeti.LolaFlora.HomePageLogin">
        <test-method status="PASS" signature="initialize()[pri:0, instance:ciceksepeti.LolaFlora.HomePageLogin@74f0ea28]" name="initialize" is-config="true" duration-ms="6454" started-at="2018-04-14T23:54:54Z" finished-at="2018-04-14T23:55:01Z">
          <reporter-output>
          </reporter-output>
        </test-method> <!-- initialize -->
        <test-method status="PASS" signature="FailLogin()[pri:0, instance:ciceksepeti.LolaFlora.HomePageLogin@74f0ea28]" name="FailLogin" duration-ms="8262" started-at="2018-04-14T23:55:01Z" finished-at="2018-04-14T23:55:09Z">
          <reporter-output>
          </reporter-output>
        </test-method> <!-- FailLogin -->
        <test-method status="PASS" signature="setTestResult(org.testng.ITestResult)[pri:0, instance:ciceksepeti.LolaFlora.HomePageLogin@74f0ea28]" name="setTestResult" is-config="true" duration-ms="1" started-at="2018-04-14T23:55:09Z" finished-at="2018-04-14T23:55:09Z">
          <params>
            <param index="0">
              <value>
                <![CDATA[[TestResult name=FailLogin status=SUCCESS method=HomePageLogin.FailLogin()[pri:0, instance:ciceksepeti.LolaFlora.HomePageLogin@74f0ea28] output={null}]]]>
              </value>
            </param>
          </params>
          <reporter-output>
          </reporter-output>
        </test-method> <!-- setTestResult -->
        <test-method status="PASS" signature="SuccessLogin()[pri:0, instance:ciceksepeti.LolaFlora.HomePageLogin@74f0ea28]" name="SuccessLogin" duration-ms="8695" started-at="2018-04-14T23:55:09Z" finished-at="2018-04-14T23:55:18Z">
          <reporter-output>
          </reporter-output>
        </test-method> <!-- SuccessLogin -->
        <test-method status="PASS" signature="setTestResult(org.testng.ITestResult)[pri:0, instance:ciceksepeti.LolaFlora.HomePageLogin@74f0ea28]" name="setTestResult" is-config="true" duration-ms="0" started-at="2018-04-14T23:55:18Z" finished-at="2018-04-14T23:55:18Z">
          <params>
            <param index="0">
              <value>
                <![CDATA[[TestResult name=SuccessLogin status=SUCCESS method=HomePageLogin.SuccessLogin()[pri:0, instance:ciceksepeti.LolaFlora.HomePageLogin@74f0ea28] output={null}]]]>
              </value>
            </param>
          </params>
          <reporter-output>
          </reporter-output>
        </test-method> <!-- setTestResult -->
        <test-method status="FAIL" signature="fail()[pri:0, instance:ciceksepeti.LolaFlora.HomePageLogin@74f0ea28]" name="fail" duration-ms="1" started-at="2018-04-14T23:55:18Z" finished-at="2018-04-14T23:55:18Z">
          <exception class="junit.framework.AssertionFailedError">
            <full-stacktrace>
              <![CDATA[junit.framework.AssertionFailedError
at junit.framework.Assert.fail(Assert.java:47)
at junit.framework.Assert.assertTrue(Assert.java:20)
at junit.framework.Assert.assertTrue(Assert.java:27)
at ciceksepeti.LolaFlora.HomePageLogin.fail(HomePageLogin.java:109)
at sun.reflect.NativeMethodAccessorImpl.invoke0(Native Method)
at sun.reflect.NativeMethodAccessorImpl.invoke(Unknown Source)
at sun.reflect.DelegatingMethodAccessorImpl.invoke(Unknown Source)
at java.lang.reflect.Method.invoke(Unknown Source)
at org.testng.internal.MethodInvocationHelper.invokeMethod(MethodInvocationHelper.java:124)
at org.testng.internal.Invoker.invokeMethod(Invoker.java:580)
at org.testng.internal.Invoker.invokeTestMethod(Invoker.java:716)
at org.testng.internal.Invoker.invokeTestMethods(Invoker.java:988)
at org.testng.internal.TestMethodWorker.invokeTestMethods(TestMethodWorker.java:125)
at org.testng.internal.TestMethodWorker.run(TestMethodWorker.java:109)
at org.testng.TestRunner.privateRun(TestRunner.java:648)
at org.testng.TestRunner.run(TestRunner.java:505)
at org.testng.SuiteRunner.runTest(SuiteRunner.java:455)
at org.testng.SuiteRunner.runSequentially(SuiteRunner.java:450)
at org.testng.SuiteRunner.privateRun(SuiteRunner.java:415)
at org.testng.SuiteRunner.run(SuiteRunner.java:364)
at org.testng.SuiteRunnerWorker.runSuite(SuiteRunnerWorker.java:52)
at org.testng.SuiteRunnerWorker.run(SuiteRunnerWorker.java:84)
at org.testng.TestNG.runSuitesSequentially(TestNG.java:1208)
at org.testng.TestNG.runSuitesLocally(TestNG.java:1137)
at org.testng.TestNG.runSuites(TestNG.java:1049)
at org.testng.TestNG.run(TestNG.java:1017)
at org.testng.remote.AbstractRemoteTestNG.run(AbstractRemoteTestNG.java:114)
at org.testng.remote.RemoteTestNG.initAndRun(RemoteTestNG.java:251)
at org.testng.remote.RemoteTestNG.main(RemoteTestNG.java:77)
]]>
            </full-stacktrace>
          </exception> <!-- junit.framework.AssertionFailedError -->
          <reporter-output>
          </reporter-output>
        </test-method> <!-- fail -->
        <test-method status="PASS" signature="setTestResult(org.testng.ITestResult)[pri:0, instance:ciceksepeti.LolaFlora.HomePageLogin@74f0ea28]" name="setTestResult" is-config="true" duration-ms="2" started-at="2018-04-14T23:55:18Z" finished-at="2018-04-14T23:55:18Z">
          <params>
            <param index="0">
              <value>
                <![CDATA[[TestResult name=fail status=FAILURE method=HomePageLogin.fail()[pri:0, instance:ciceksepeti.LolaFlora.HomePageLogin@74f0ea28] output={null}]]]>
              </value>
            </param>
          </params>
          <reporter-output>
          </reporter-output>
        </test-method> <!-- setTestResult -->
        <test-method status="PASS" signature="tearDown()[pri:0, instance:ciceksepeti.LolaFlora.HomePageLogin@74f0ea28]" name="tearDown" is-config="true" duration-ms="381" started-at="2018-04-14T23:55:18Z" finished-at="2018-04-14T23:55:18Z">
          <reporter-output>
          </reporter-output>
        </test-method> <!-- tearDown -->
      </class> <!-- ciceksepeti.LolaFlora.HomePageLogin -->
    </test> <!-- Test -->
  </suite> <!-- Suite -->
</testng-results>
